2024-09-11T19:46:50.877-03:00  INFO 27035 --- [patient] [main] b.c.jtech.services.patient.StartPatient  : Starting StartPatient using Java 21.0.4 with PID 27035 (/home/angelo/code/course/services/patient/build/classes/java/main started by angelo in /home/angelo/code/course)
2024-09-11T19:46:50.878-03:00 DEBUG 27035 --- [patient] [main] b.c.jtech.services.patient.StartPatient  : Running with Spring Boot v3.3.3, Spring v6.1.12
2024-09-11T19:46:50.879-03:00  INFO 27035 --- [patient] [main] b.c.jtech.services.patient.StartPatient  : The following 1 profile is active: "dev"
2024-09-11T19:46:51.969-03:00  INFO 27035 --- [patient] [main] .s.d.r.c.RepositoryConfigurationDelegate : Multiple Spring Data modules found, entering strict repository configuration mode
2024-09-11T19:46:51.971-03:00  INFO 27035 --- [patient] [main] .s.d.r.c.RepositoryConfigurationDelegate : Bootstrapping Spring Data MongoDB repositories in DEFAULT mode.
2024-09-11T19:46:52.071-03:00  INFO 27035 --- [patient] [main] .s.d.r.c.RepositoryConfigurationDelegate : Finished Spring Data repository scanning in 97 ms. Found 1 MongoDB repository interface.
2024-09-11T19:46:52.087-03:00  INFO 27035 --- [patient] [main] .s.d.r.c.RepositoryConfigurationDelegate : Multiple Spring Data modules found, entering strict repository configuration mode
2024-09-11T19:46:52.089-03:00  INFO 27035 --- [patient] [main] .s.d.r.c.RepositoryConfigurationDelegate : Bootstrapping Spring Data Redis repositories in DEFAULT mode.
2024-09-11T19:46:52.112-03:00  INFO 27035 --- [patient] [main] .RepositoryConfigurationExtensionSupport : Spring Data Redis - Could not safely identify store assignment for repository candidate interface br.com.jtech.services.patient.adapters.output.repositories.PatientRepository; If you want this repository to be a Redis repository, consider annotating your entities with one of these annotations: org.springframework.data.redis.core.RedisHash (preferred), or consider extending one of the following types with your repository: org.springframework.data.keyvalue.repository.KeyValueRepository
2024-09-11T19:46:52.112-03:00  INFO 27035 --- [patient] [main] .s.d.r.c.RepositoryConfigurationDelegate : Finished Spring Data repository scanning in 10 ms. Found 0 Redis repository interfaces.
2024-09-11T19:46:52.337-03:00  INFO 27035 --- [patient] [main] o.s.cloud.context.scope.GenericScope     : BeanFactory id=0392ce42-58b0-339b-b095-9b9645083fab
2024-09-11T19:46:52.671-03:00  INFO 27035 --- [patient] [main] o.s.b.w.embedded.tomcat.TomcatWebServer  : Tomcat initialized with port 0 (http)
2024-09-11T19:46:52.687-03:00  INFO 27035 --- [patient] [main] o.apache.catalina.core.StandardService   : Starting service [Tomcat]
2024-09-11T19:46:52.687-03:00  INFO 27035 --- [patient] [main] o.apache.catalina.core.StandardEngine    : Starting Servlet engine: [Apache Tomcat/10.1.28]
2024-09-11T19:46:52.756-03:00  INFO 27035 --- [patient] [main] o.a.c.c.C.[Tomcat].[localhost].[/]       : Initializing Spring embedded WebApplicationContext
2024-09-11T19:46:52.757-03:00  INFO 27035 --- [patient] [main] w.s.c.ServletWebServerApplicationContext : Root WebApplicationContext: initialization completed in 1829 ms
2024-09-11T19:46:53.110-03:00  INFO 27035 --- [patient] [cluster-ClusterId{value='66e21ddd63a8f07fcfd46a36', description='null'}-localhost:27017] org.mongodb.driver.cluster               : Exception in monitor thread while connecting to server localhost:27017

com.mongodb.MongoSocketOpenException: Exception opening socket
	at com.mongodb.internal.connection.SocketStream.lambda$open$0(SocketStream.java:86) ~[mongodb-driver-core-5.0.1.jar:na]
	at java.base/java.util.Optional.orElseThrow(Optional.java:403) ~[na:na]
	at com.mongodb.internal.connection.SocketStream.open(SocketStream.java:86) ~[mongodb-driver-core-5.0.1.jar:na]
	at com.mongodb.internal.connection.InternalStreamConnection.open(InternalStreamConnection.java:201) ~[mongodb-driver-core-5.0.1.jar:na]
	at com.mongodb.internal.connection.DefaultServerMonitor$ServerMonitorRunnable.lookupServerDescription(DefaultServerMonitor.java:193) ~[mongodb-driver-core-5.0.1.jar:na]
	at com.mongodb.internal.connection.DefaultServerMonitor$ServerMonitorRunnable.run(DefaultServerMonitor.java:153) ~[mongodb-driver-core-5.0.1.jar:na]
	at java.base/java.lang.Thread.run(Thread.java:1583) ~[na:na]
Caused by: java.net.ConnectException: Connection refused
	at java.base/sun.nio.ch.Net.pollConnect(Native Method) ~[na:na]
	at java.base/sun.nio.ch.Net.pollConnectNow(Net.java:682) ~[na:na]
	at java.base/sun.nio.ch.NioSocketImpl.timedFinishConnect(NioSocketImpl.java:542) ~[na:na]
	at java.base/sun.nio.ch.NioSocketImpl.connect(NioSocketImpl.java:592) ~[na:na]
	at java.base/java.net.SocksSocketImpl.connect(SocksSocketImpl.java:327) ~[na:na]
	at java.base/java.net.Socket.connect(Socket.java:751) ~[na:na]
	at com.mongodb.internal.connection.SocketStreamHelper.initialize(SocketStreamHelper.java:76) ~[mongodb-driver-core-5.0.1.jar:na]
	at com.mongodb.internal.connection.SocketStream.initializeSocket(SocketStream.java:105) ~[mongodb-driver-core-5.0.1.jar:na]
	at com.mongodb.internal.connection.SocketStream.open(SocketStream.java:80) ~[mongodb-driver-core-5.0.1.jar:na]
	... 4 common frames omitted

2024-09-11T19:46:53.116-03:00  INFO 27035 --- [patient] [main] org.mongodb.driver.client                : MongoClient with metadata {"driver": {"name": "mongo-java-driver|sync|spring-boot", "version": "5.0.1"}, "os": {"type": "Linux", "name": "Linux", "architecture": "amd64", "version": "6.10.8-200.fc40.x86_64"}, "platform": "Java/Amazon.com Inc./21.0.4+7-LTS"} created with settings MongoClientSettings{readPreference=primary, writeConcern=WriteConcern{w=null, wTimeout=null ms, journal=null}, retryWrites=true, retryReads=true, readConcern=ReadConcern{level=null}, credential=null, transportSettings=null, commandListeners=[io.micrometer.core.instrument.binder.mongodb.MongoMetricsCommandListener@11cadb32], codecRegistry=ProvidersCodecRegistry{codecProviders=[ValueCodecProvider{}, BsonValueCodecProvider{}, DBRefCodecProvider{}, DBObjectCodecProvider{}, DocumentCodecProvider{}, CollectionCodecProvider{}, IterableCodecProvider{}, MapCodecProvider{}, GeoJsonCodecProvider{}, GridFSFileCodecProvider{}, Jsr310CodecProvider{}, JsonObjectCodecProvider{}, BsonCodecProvider{}, EnumCodecProvider{}, com.mongodb.client.model.mql.ExpressionCodecProvider@6d3ad37a, com.mongodb.Jep395RecordCodecProvider@26f5e45d, com.mongodb.KotlinCodecProvider@704c3bdf]}, loggerSettings=LoggerSettings{maxDocumentLength=1000}, clusterSettings={hosts=[localhost:27017], srvServiceName=mongodb, mode=SINGLE, requiredClusterType=UNKNOWN, requiredReplicaSetName='null', serverSelector='null', clusterListeners='[]', serverSelectionTimeout='30000 ms', localThreshold='15 ms'}, socketSettings=SocketSettings{connectTimeoutMS=10000, readTimeoutMS=0, receiveBufferSize=0, proxySettings=ProxySettings{host=null, port=null, username=null, password=null}}, heartbeatSocketSettings=SocketSettings{connectTimeoutMS=10000, readTimeoutMS=10000, receiveBufferSize=0, proxySettings=ProxySettings{host=null, port=null, username=null, password=null}}, connectionPoolSettings=ConnectionPoolSettings{maxSize=100, minSize=0, maxWaitTimeMS=120000, maxConnectionLifeTimeMS=0, maxConnectionIdleTimeMS=0, maintenanceInitialDelayMS=0, maintenanceFrequencyMS=60000, connectionPoolListeners=[io.micrometer.core.instrument.binder.mongodb.MongoMetricsConnectionPoolListener@37986daf], maxConnecting=2}, serverSettings=ServerSettings{heartbeatFrequencyMS=10000, minHeartbeatFrequencyMS=500, serverListeners='[]', serverMonitorListeners='[]'}, sslSettings=SslSettings{enabled=false, invalidHostNameAllowed=false, context=null}, applicationName='null', compressorList=[], uuidRepresentation=JAVA_LEGACY, serverApi=null, autoEncryptionSettings=null, dnsClient=null, inetAddressResolver=null, contextProvider=null}
2024-09-11T19:46:55.037-03:00  INFO 27035 --- [patient] [main] o.s.b.a.e.web.EndpointLinksResolver      : Exposing 17 endpoints beneath base path '/actuator'
2024-09-11T19:46:55.138-03:00  INFO 27035 --- [patient] [main] o.s.b.w.embedded.tomcat.TomcatWebServer  : Tomcat started on port 35945 (http) with context path '/'
2024-09-11T19:46:55.164-03:00  INFO 27035 --- [patient] [main] b.c.jtech.services.patient.StartPatient  : Started StartPatient in 4.796 seconds (process running for 6.55)
2024-09-11T19:46:55.175-03:00  INFO 27035 --- [patient] [main] b.c.j.s.p.c.i.l.ReadyEventListener       : >>> Connector Ready
2024-09-11T19:46:55.175-03:00  INFO 27035 --- [patient] [main] b.c.j.s.p.c.i.l.ReadyEventListener       : ======================================================
2024-09-11T19:46:55.176-03:00  INFO 27035 --- [patient] [main] b.c.j.s.p.c.i.l.ReadyEventListener       : == Execute mode:.....................'LOCAL'
2024-09-11T19:46:55.177-03:00  INFO 27035 --- [patient] [main] b.c.j.s.p.c.i.l.ReadyEventListener       : ======================================================
2024-09-11T19:46:55.487-03:00  INFO 27035 --- [patient] [RMI TCP Connection(2)-192.168.0.43] o.a.c.c.C.[Tomcat].[localhost].[/]       : Initializing Spring DispatcherServlet 'dispatcherServlet'
2024-09-11T19:46:55.488-03:00  INFO 27035 --- [patient] [RMI TCP Connection(2)-192.168.0.43] o.s.web.servlet.DispatcherServlet        : Initializing Servlet 'dispatcherServlet'
2024-09-11T19:46:55.492-03:00  INFO 27035 --- [patient] [RMI TCP Connection(2)-192.168.0.43] o.s.web.servlet.DispatcherServlet        : Completed initialization in 3 ms
2024-09-11T19:46:55.529-03:00  INFO 27035 --- [patient] [RMI TCP Connection(3)-192.168.0.43] org.mongodb.driver.cluster               : Waiting for server to become available for operation with ID 1. Remaining time: 30000 ms. Selector: ReadPreferenceServerSelector{readPreference=primary}, topology description: {type=UNKNOWN, servers=[{address=localhost:27017, type=UNKNOWN, state=CONNECTING, exception={com.mongodb.MongoSocketOpenException: Exception opening socket}, caused by {java.net.ConnectException: Connection refused}}].
2024-09-11T19:47:25.528-03:00  WARN 27035 --- [patient] [RMI TCP Connection(3)-192.168.0.43] o.s.b.a.data.mongo.MongoHealthIndicator  : MongoDB health check failed

org.springframework.dao.DataAccessResourceFailureException: Timed out while waiting for a server that matches ReadPreferenceServerSelector{readPreference=primary}. Client view of cluster state is {type=UNKNOWN, servers=[{address=localhost:27017, type=UNKNOWN, state=CONNECTING, exception={com.mongodb.MongoSocketOpenException: Exception opening socket}, caused by {java.net.ConnectException: Connection refused}}]
	at org.springframework.data.mongodb.core.MongoExceptionTranslator.translateExceptionIfPossible(MongoExceptionTranslator.java:88) ~[spring-data-mongodb-4.3.3.jar:4.3.3]
	at org.springframework.data.mongodb.core.MongoTemplate.potentiallyConvertRuntimeException(MongoTemplate.java:3008) ~[spring-data-mongodb-4.3.3.jar:4.3.3]
	at org.springframework.data.mongodb.core.MongoTemplate.execute(MongoTemplate.java:584) ~[spring-data-mongodb-4.3.3.jar:4.3.3]
	at org.springframework.data.mongodb.core.MongoTemplate.executeCommand(MongoTemplate.java:516) ~[spring-data-mongodb-4.3.3.jar:4.3.3]
	at org.springframework.boot.actuate.data.mongo.MongoHealthIndicator.doHealthCheck(MongoHealthIndicator.java:46) ~[spring-boot-actuator-3.3.3.jar:3.3.3]
	at org.springframework.boot.actuate.health.AbstractHealthIndicator.health(AbstractHealthIndicator.java:82) ~[spring-boot-actuator-3.3.3.jar:3.3.3]
	at org.springframework.boot.actuate.health.HealthIndicator.getHealth(HealthIndicator.java:37) ~[spring-boot-actuator-3.3.3.jar:3.3.3]
	at org.springframework.boot.actuate.health.HealthEndpoint.getHealth(HealthEndpoint.java:82) ~[spring-boot-actuator-3.3.3.jar:3.3.3]
	at org.springframework.boot.actuate.health.HealthEndpoint.getHealth(HealthEndpoint.java:41) ~[spring-boot-actuator-3.3.3.jar:3.3.3]
	at org.springframework.boot.actuate.health.HealthEndpointSupport.getLoggedHealth(HealthEndpointSupport.java:172) ~[spring-boot-actuator-3.3.3.jar:3.3.3]
	at org.springframework.boot.actuate.health.HealthEndpointSupport.getContribution(HealthEndpointSupport.java:145) ~[spring-boot-actuator-3.3.3.jar:3.3.3]
	at org.springframework.boot.actuate.health.HealthEndpointSupport.getAggregateContribution(HealthEndpointSupport.java:156) ~[spring-boot-actuator-3.3.3.jar:3.3.3]
	at org.springframework.boot.actuate.health.HealthEndpointSupport.getContribution(HealthEndpointSupport.java:141) ~[spring-boot-actuator-3.3.3.jar:3.3.3]
	at org.springframework.boot.actuate.health.HealthEndpointSupport.getHealth(HealthEndpointSupport.java:110) ~[spring-boot-actuator-3.3.3.jar:3.3.3]
	at org.springframework.boot.actuate.health.HealthEndpointSupport.getHealth(HealthEndpointSupport.java:81) ~[spring-boot-actuator-3.3.3.jar:3.3.3]
	at org.springframework.boot.actuate.health.HealthEndpoint.health(HealthEndpoint.java:76) ~[spring-boot-actuator-3.3.3.jar:3.3.3]
	at org.springframework.boot.actuate.health.HealthEndpoint.health(HealthEndpoint.java:66) ~[spring-boot-actuator-3.3.3.jar:3.3.3]
	at java.base/jdk.internal.reflect.DirectMethodHandleAccessor.invoke(DirectMethodHandleAccessor.java:103) ~[na:na]
	at java.base/java.lang.reflect.Method.invoke(Method.java:580) ~[na:na]
	at org.springframework.util.ReflectionUtils.invokeMethod(ReflectionUtils.java:281) ~[spring-core-6.1.12.jar:6.1.12]
	at org.springframework.boot.actuate.endpoint.invoke.reflect.ReflectiveOperationInvoker.invoke(ReflectiveOperationInvoker.java:74) ~[spring-boot-actuator-3.3.3.jar:3.3.3]
	at org.springframework.boot.actuate.endpoint.annotation.AbstractDiscoveredOperation.invoke(AbstractDiscoveredOperation.java:60) ~[spring-boot-actuator-3.3.3.jar:3.3.3]
	at org.springframework.boot.actuate.endpoint.jmx.EndpointMBean.invoke(EndpointMBean.java:124) ~[spring-boot-actuator-3.3.3.jar:3.3.3]
	at org.springframework.boot.actuate.endpoint.jmx.EndpointMBean.invoke(EndpointMBean.java:97) ~[spring-boot-actuator-3.3.3.jar:3.3.3]
	at java.management/com.sun.jmx.interceptor.DefaultMBeanServerInterceptor.invoke(DefaultMBeanServerInterceptor.java:803) ~[na:na]
	at java.management/com.sun.jmx.mbeanserver.JmxMBeanServer.invoke(JmxMBeanServer.java:802) ~[na:na]
	at java.management.rmi/javax.management.remote.rmi.RMIConnectionImpl.doOperation(RMIConnectionImpl.java:1472) ~[na:na]
	at java.management.rmi/javax.management.remote.rmi.RMIConnectionImpl$PrivilegedOperation.run(RMIConnectionImpl.java:1310) ~[na:na]
	at java.management.rmi/javax.management.remote.rmi.RMIConnectionImpl.doPrivilegedOperation(RMIConnectionImpl.java:1405) ~[na:na]
	at java.management.rmi/javax.management.remote.rmi.RMIConnectionImpl.invoke(RMIConnectionImpl.java:829) ~[na:na]
	at java.base/jdk.internal.reflect.DirectMethodHandleAccessor.invoke(DirectMethodHandleAccessor.java:103) ~[na:na]
	at java.base/java.lang.reflect.Method.invoke(Method.java:580) ~[na:na]
	at java.rmi/sun.rmi.server.UnicastServerRef.dispatch(UnicastServerRef.java:360) ~[na:na]
	at java.rmi/sun.rmi.transport.Transport$1.run(Transport.java:200) ~[na:na]
	at java.rmi/sun.rmi.transport.Transport$1.run(Transport.java:197) ~[na:na]
	at java.base/java.security.AccessController.doPrivileged(AccessController.java:714) ~[na:na]
	at java.rmi/sun.rmi.transport.Transport.serviceCall(Transport.java:196) ~[na:na]
	at java.rmi/sun.rmi.transport.tcp.TCPTransport.handleMessages(TCPTransport.java:598) ~[na:na]
	at java.rmi/sun.rmi.transport.tcp.TCPTransport$ConnectionHandler.run0(TCPTransport.java:844) ~[na:na]
	at java.rmi/sun.rmi.transport.tcp.TCPTransport$ConnectionHandler.lambda$run$0(TCPTransport.java:721) ~[na:na]
	at java.base/java.security.AccessController.doPrivileged(AccessController.java:400) ~[na:na]
	at java.rmi/sun.rmi.transport.tcp.TCPTransport$ConnectionHandler.run(TCPTransport.java:720) ~[na:na]
	at java.base/java.util.concurrent.ThreadPoolExecutor.runWorker(ThreadPoolExecutor.java:1144) ~[na:na]
	at java.base/java.util.concurrent.ThreadPoolExecutor$Worker.run(ThreadPoolExecutor.java:642) ~[na:na]
	at java.base/java.lang.Thread.run(Thread.java:1583) ~[na:na]
Caused by: com.mongodb.MongoTimeoutException: Timed out while waiting for a server that matches ReadPreferenceServerSelector{readPreference=primary}. Client view of cluster state is {type=UNKNOWN, servers=[{address=localhost:27017, type=UNKNOWN, state=CONNECTING, exception={com.mongodb.MongoSocketOpenException: Exception opening socket}, caused by {java.net.ConnectException: Connection refused}}]
	at com.mongodb.internal.connection.BaseCluster.createAndLogTimeoutException(BaseCluster.java:392) ~[mongodb-driver-core-5.0.1.jar:na]
	at com.mongodb.internal.connection.BaseCluster.selectServer(BaseCluster.java:148) ~[mongodb-driver-core-5.0.1.jar:na]
	at com.mongodb.internal.connection.SingleServerCluster.selectServer(SingleServerCluster.java:46) ~[mongodb-driver-core-5.0.1.jar:na]
	at com.mongodb.internal.binding.ClusterBinding.getReadConnectionSource(ClusterBinding.java:108) ~[mongodb-driver-core-5.0.1.jar:na]
	at com.mongodb.client.internal.ClientSessionBinding.getConnectionSource(ClientSessionBinding.java:128) ~[mongodb-driver-sync-5.0.1.jar:na]
	at com.mongodb.client.internal.ClientSessionBinding.getReadConnectionSource(ClientSessionBinding.java:92) ~[mongodb-driver-sync-5.0.1.jar:na]
	at com.mongodb.internal.operation.SyncOperationHelper.withSuppliedResource(SyncOperationHelper.java:141) ~[mongodb-driver-core-5.0.1.jar:na]
	at com.mongodb.internal.operation.SyncOperationHelper.withSourceAndConnection(SyncOperationHelper.java:122) ~[mongodb-driver-core-5.0.1.jar:na]
	at com.mongodb.internal.operation.SyncOperationHelper.lambda$executeRetryableRead$4(SyncOperationHelper.java:186) ~[mongodb-driver-core-5.0.1.jar:na]
	at com.mongodb.internal.operation.SyncOperationHelper.lambda$decorateReadWithRetries$12(SyncOperationHelper.java:289) ~[mongodb-driver-core-5.0.1.jar:na]
	at com.mongodb.internal.async.function.RetryingSyncSupplier.get(RetryingSyncSupplier.java:67) ~[mongodb-driver-core-5.0.1.jar:na]
	at com.mongodb.internal.operation.SyncOperationHelper.executeRetryableRead(SyncOperationHelper.java:191) ~[mongodb-driver-core-5.0.1.jar:na]
	at com.mongodb.internal.operation.SyncOperationHelper.executeRetryableRead(SyncOperationHelper.java:173) ~[mongodb-driver-core-5.0.1.jar:na]
	at com.mongodb.internal.operation.CommandReadOperation.execute(CommandReadOperation.java:48) ~[mongodb-driver-core-5.0.1.jar:na]
	at com.mongodb.client.internal.MongoClientDelegate$DelegateOperationExecutor.execute(MongoClientDelegate.java:153) ~[mongodb-driver-sync-5.0.1.jar:na]
	at com.mongodb.client.internal.MongoDatabaseImpl.executeCommand(MongoDatabaseImpl.java:196) ~[mongodb-driver-sync-5.0.1.jar:na]
	at com.mongodb.client.internal.MongoDatabaseImpl.runCommand(MongoDatabaseImpl.java:165) ~[mongodb-driver-sync-5.0.1.jar:na]
	at com.mongodb.client.internal.MongoDatabaseImpl.runCommand(MongoDatabaseImpl.java:160) ~[mongodb-driver-sync-5.0.1.jar:na]
	at org.springframework.data.mongodb.core.MongoTemplate.lambda$executeCommand$3(MongoTemplate.java:516) ~[spring-data-mongodb-4.3.3.jar:4.3.3]
	at org.springframework.data.mongodb.core.MongoTemplate.execute(MongoTemplate.java:582) ~[spring-data-mongodb-4.3.3.jar:4.3.3]
	... 42 common frames omitted

2024-09-11T19:47:25.553-03:00  WARN 27035 --- [patient] [RMI TCP Connection(3)-192.168.0.43] o.s.b.a.health.HealthEndpointSupport     : Health contributor org.springframework.boot.actuate.data.mongo.MongoHealthIndicator (mongo) took 30054ms to respond
2024-09-11T19:49:52.767-03:00  INFO 30264 --- [patient] [main] b.c.jtech.services.patient.StartPatient  : Starting StartPatient using Java 21.0.4 with PID 30264 (/home/angelo/code/course/services/patient/build/classes/java/main started by angelo in /home/angelo/code/course)
2024-09-11T19:49:52.769-03:00 DEBUG 30264 --- [patient] [main] b.c.jtech.services.patient.StartPatient  : Running with Spring Boot v3.3.3, Spring v6.1.12
2024-09-11T19:49:52.770-03:00  INFO 30264 --- [patient] [main] b.c.jtech.services.patient.StartPatient  : The following 1 profile is active: "dev"
2024-09-11T19:49:53.732-03:00  INFO 30264 --- [patient] [main] .s.d.r.c.RepositoryConfigurationDelegate : Multiple Spring Data modules found, entering strict repository configuration mode
2024-09-11T19:49:53.733-03:00  INFO 30264 --- [patient] [main] .s.d.r.c.RepositoryConfigurationDelegate : Bootstrapping Spring Data MongoDB repositories in DEFAULT mode.
2024-09-11T19:49:53.853-03:00  INFO 30264 --- [patient] [main] .s.d.r.c.RepositoryConfigurationDelegate : Finished Spring Data repository scanning in 116 ms. Found 1 MongoDB repository interface.
2024-09-11T19:49:53.862-03:00  INFO 30264 --- [patient] [main] .s.d.r.c.RepositoryConfigurationDelegate : Multiple Spring Data modules found, entering strict repository configuration mode
2024-09-11T19:49:53.863-03:00  INFO 30264 --- [patient] [main] .s.d.r.c.RepositoryConfigurationDelegate : Bootstrapping Spring Data Redis repositories in DEFAULT mode.
2024-09-11T19:49:53.877-03:00  INFO 30264 --- [patient] [main] .RepositoryConfigurationExtensionSupport : Spring Data Redis - Could not safely identify store assignment for repository candidate interface br.com.jtech.services.patient.adapters.output.repositories.PatientRepository; If you want this repository to be a Redis repository, consider annotating your entities with one of these annotations: org.springframework.data.redis.core.RedisHash (preferred), or consider extending one of the following types with your repository: org.springframework.data.keyvalue.repository.KeyValueRepository
2024-09-11T19:49:53.878-03:00  INFO 30264 --- [patient] [main] .s.d.r.c.RepositoryConfigurationDelegate : Finished Spring Data repository scanning in 8 ms. Found 0 Redis repository interfaces.
2024-09-11T19:49:54.063-03:00  INFO 30264 --- [patient] [main] o.s.cloud.context.scope.GenericScope     : BeanFactory id=0392ce42-58b0-339b-b095-9b9645083fab
2024-09-11T19:49:54.411-03:00  INFO 30264 --- [patient] [main] o.s.b.w.embedded.tomcat.TomcatWebServer  : Tomcat initialized with port 8666 (http)
2024-09-11T19:49:54.426-03:00  INFO 30264 --- [patient] [main] o.apache.catalina.core.StandardService   : Starting service [Tomcat]
2024-09-11T19:49:54.427-03:00  INFO 30264 --- [patient] [main] o.apache.catalina.core.StandardEngine    : Starting Servlet engine: [Apache Tomcat/10.1.28]
2024-09-11T19:49:54.471-03:00  INFO 30264 --- [patient] [main] o.a.c.c.C.[Tomcat].[localhost].[/]       : Initializing Spring embedded WebApplicationContext
2024-09-11T19:49:54.471-03:00  INFO 30264 --- [patient] [main] w.s.c.ServletWebServerApplicationContext : Root WebApplicationContext: initialization completed in 1663 ms
2024-09-11T19:49:54.798-03:00  INFO 30264 --- [patient] [main] org.mongodb.driver.client                : MongoClient with metadata {"driver": {"name": "mongo-java-driver|sync|spring-boot", "version": "5.0.1"}, "os": {"type": "Linux", "name": "Linux", "architecture": "amd64", "version": "6.10.8-200.fc40.x86_64"}, "platform": "Java/Amazon.com Inc./21.0.4+7-LTS"} created with settings MongoClientSettings{readPreference=primary, writeConcern=WriteConcern{w=null, wTimeout=null ms, journal=null}, retryWrites=true, retryReads=true, readConcern=ReadConcern{level=null}, credential=null, transportSettings=null, commandListeners=[io.micrometer.core.instrument.binder.mongodb.MongoMetricsCommandListener@11cadb32], codecRegistry=ProvidersCodecRegistry{codecProviders=[ValueCodecProvider{}, BsonValueCodecProvider{}, DBRefCodecProvider{}, DBObjectCodecProvider{}, DocumentCodecProvider{}, CollectionCodecProvider{}, IterableCodecProvider{}, MapCodecProvider{}, GeoJsonCodecProvider{}, GridFSFileCodecProvider{}, Jsr310CodecProvider{}, JsonObjectCodecProvider{}, BsonCodecProvider{}, EnumCodecProvider{}, com.mongodb.client.model.mql.ExpressionCodecProvider@6d3ad37a, com.mongodb.Jep395RecordCodecProvider@26f5e45d, com.mongodb.KotlinCodecProvider@704c3bdf]}, loggerSettings=LoggerSettings{maxDocumentLength=1000}, clusterSettings={hosts=[localhost:27017], srvServiceName=mongodb, mode=SINGLE, requiredClusterType=UNKNOWN, requiredReplicaSetName='null', serverSelector='null', clusterListeners='[]', serverSelectionTimeout='30000 ms', localThreshold='15 ms'}, socketSettings=SocketSettings{connectTimeoutMS=10000, readTimeoutMS=0, receiveBufferSize=0, proxySettings=ProxySettings{host=null, port=null, username=null, password=null}}, heartbeatSocketSettings=SocketSettings{connectTimeoutMS=10000, readTimeoutMS=10000, receiveBufferSize=0, proxySettings=ProxySettings{host=null, port=null, username=null, password=null}}, connectionPoolSettings=ConnectionPoolSettings{maxSize=100, minSize=0, maxWaitTimeMS=120000, maxConnectionLifeTimeMS=0, maxConnectionIdleTimeMS=0, maintenanceInitialDelayMS=0, maintenanceFrequencyMS=60000, connectionPoolListeners=[io.micrometer.core.instrument.binder.mongodb.MongoMetricsConnectionPoolListener@37986daf], maxConnecting=2}, serverSettings=ServerSettings{heartbeatFrequencyMS=10000, minHeartbeatFrequencyMS=500, serverListeners='[]', serverMonitorListeners='[]'}, sslSettings=SslSettings{enabled=false, invalidHostNameAllowed=false, context=null}, applicationName='null', compressorList=[], uuidRepresentation=JAVA_LEGACY, serverApi=null, autoEncryptionSettings=null, dnsClient=null, inetAddressResolver=null, contextProvider=null}
2024-09-11T19:49:54.811-03:00  INFO 30264 --- [patient] [cluster-ClusterId{value='66e21e926c311346011e5597', description='null'}-localhost:27017] org.mongodb.driver.cluster               : Monitor thread successfully connected to server with description ServerDescription{address=localhost:27017, type=STANDALONE, state=CONNECTED, ok=true, minWireVersion=0, maxWireVersion=9, maxDocumentSize=16777216, logicalSessionTimeoutMinutes=30, roundTripTimeNanos=17467323}
2024-09-11T19:49:56.480-03:00  INFO 30264 --- [patient] [main] o.s.b.a.e.web.EndpointLinksResolver      : Exposing 17 endpoints beneath base path '/actuator'
2024-09-11T19:49:56.564-03:00  INFO 30264 --- [patient] [main] o.s.b.w.embedded.tomcat.TomcatWebServer  : Tomcat started on port 8666 (http) with context path '/'
2024-09-11T19:49:56.582-03:00  INFO 30264 --- [patient] [main] b.c.jtech.services.patient.StartPatient  : Started StartPatient in 4.276 seconds (process running for 5.108)
2024-09-11T19:49:56.587-03:00  INFO 30264 --- [patient] [main] b.c.j.s.p.c.i.l.ReadyEventListener       : >>> Connector Ready
2024-09-11T19:49:56.588-03:00  INFO 30264 --- [patient] [main] b.c.j.s.p.c.i.l.ReadyEventListener       : ======================================================
2024-09-11T19:49:56.588-03:00  INFO 30264 --- [patient] [main] b.c.j.s.p.c.i.l.ReadyEventListener       : == Execute mode:.....................'LOCAL'
2024-09-11T19:49:56.589-03:00  INFO 30264 --- [patient] [main] b.c.j.s.p.c.i.l.ReadyEventListener       : ======================================================
2024-09-11T19:49:56.966-03:00  INFO 30264 --- [patient] [RMI TCP Connection(2)-192.168.0.43] o.a.c.c.C.[Tomcat].[localhost].[/]       : Initializing Spring DispatcherServlet 'dispatcherServlet'
2024-09-11T19:49:56.967-03:00  INFO 30264 --- [patient] [RMI TCP Connection(2)-192.168.0.43] o.s.web.servlet.DispatcherServlet        : Initializing Servlet 'dispatcherServlet'
2024-09-11T19:49:56.970-03:00  INFO 30264 --- [patient] [RMI TCP Connection(2)-192.168.0.43] o.s.web.servlet.DispatcherServlet        : Completed initialization in 3 ms
2024-09-11T19:56:19.317-03:00  WARN 30264 --- [patient] [http-nio-8666-exec-2] .w.s.m.s.DefaultHandlerExceptionResolver : Resolved [org.springframework.web.HttpRequestMethodNotSupportedException: Request method 'GET' is not supported]
2024-09-11T19:57:57.116-03:00 ERROR 30264 --- [patient] [http-nio-8666-exec-3] o.a.c.c.C.[.[.[/].[dispatcherServlet]    : Servlet.service() for servlet [dispatcherServlet] in context with path [] threw exception [Request processing failed: java.lang.NullPointerException: Cannot invoke "String.length()" because "name" is null] with root cause

java.lang.NullPointerException: Cannot invoke "String.length()" because "name" is null
	at java.base/java.util.UUID.fromString(UUID.java:239) ~[na:na]
	at br.com.jtech.services.patient.application.core.domains.Patient.toEntity(Patient.java:66) ~[main/:na]
	at br.com.jtech.services.patient.adapters.output.CreatePatientAdapter.create(CreatePatientAdapter.java:36) ~[main/:na]
	at br.com.jtech.services.patient.application.core.usecases.CreatePatientUseCase.create(CreatePatientUseCase.java:34) ~[main/:na]
	at br.com.jtech.services.patient.adapters.input.controllers.CreatePatientController.create(CreatePatientController.java:43) ~[main/:na]
	at java.base/jdk.internal.reflect.DirectMethodHandleAccessor.invoke(DirectMethodHandleAccessor.java:103) ~[na:na]
	at java.base/java.lang.reflect.Method.invoke(Method.java:580) ~[na:na]
	at org.springframework.web.method.support.InvocableHandlerMethod.doInvoke(InvocableHandlerMethod.java:255) ~[spring-web-6.1.12.jar:6.1.12]
	at org.springframework.web.method.support.InvocableHandlerMethod.invokeForRequest(InvocableHandlerMethod.java:188) ~[spring-web-6.1.12.jar:6.1.12]
	at org.springframework.web.servlet.mvc.method.annotation.ServletInvocableHandlerMethod.invokeAndHandle(ServletInvocableHandlerMethod.java:118) ~[spring-webmvc-6.1.12.jar:6.1.12]
	at org.springframework.web.servlet.mvc.method.annotation.RequestMappingHandlerAdapter.invokeHandlerMethod(RequestMappingHandlerAdapter.java:926) ~[spring-webmvc-6.1.12.jar:6.1.12]
	at org.springframework.web.servlet.mvc.method.annotation.RequestMappingHandlerAdapter.handleInternal(RequestMappingHandlerAdapter.java:831) ~[spring-webmvc-6.1.12.jar:6.1.12]
	at org.springframework.web.servlet.mvc.method.AbstractHandlerMethodAdapter.handle(AbstractHandlerMethodAdapter.java:87) ~[spring-webmvc-6.1.12.jar:6.1.12]
	at org.springframework.web.servlet.DispatcherServlet.doDispatch(DispatcherServlet.java:1089) ~[spring-webmvc-6.1.12.jar:6.1.12]
	at org.springframework.web.servlet.DispatcherServlet.doService(DispatcherServlet.java:979) ~[spring-webmvc-6.1.12.jar:6.1.12]
	at org.springframework.web.servlet.FrameworkServlet.processRequest(FrameworkServlet.java:1014) ~[spring-webmvc-6.1.12.jar:6.1.12]
	at org.springframework.web.servlet.FrameworkServlet.doPost(FrameworkServlet.java:914) ~[spring-webmvc-6.1.12.jar:6.1.12]
	at jakarta.servlet.http.HttpServlet.service(HttpServlet.java:590) ~[tomcat-embed-core-10.1.28.jar:6.0]
	at org.springframework.web.servlet.FrameworkServlet.service(FrameworkServlet.java:885) ~[spring-webmvc-6.1.12.jar:6.1.12]
	at jakarta.servlet.http.HttpServlet.service(HttpServlet.java:658) ~[tomcat-embed-core-10.1.28.jar:6.0]
	at org.apache.catalina.core.ApplicationFilterChain.internalDoFilter(ApplicationFilterChain.java:195) ~[tomcat-embed-core-10.1.28.jar:10.1.28]
	at org.apache.catalina.core.ApplicationFilterChain.doFilter(ApplicationFilterChain.java:140) ~[tomcat-embed-core-10.1.28.jar:10.1.28]
	at org.apache.tomcat.websocket.server.WsFilter.doFilter(WsFilter.java:51) ~[tomcat-embed-websocket-10.1.28.jar:10.1.28]
	at org.apache.catalina.core.ApplicationFilterChain.internalDoFilter(ApplicationFilterChain.java:164) ~[tomcat-embed-core-10.1.28.jar:10.1.28]
	at org.apache.catalina.core.ApplicationFilterChain.doFilter(ApplicationFilterChain.java:140) ~[tomcat-embed-core-10.1.28.jar:10.1.28]
	at org.springframework.web.filter.RequestContextFilter.doFilterInternal(RequestContextFilter.java:100) ~[spring-web-6.1.12.jar:6.1.12]
	at org.springframework.web.filter.OncePerRequestFilter.doFilter(OncePerRequestFilter.java:116) ~[spring-web-6.1.12.jar:6.1.12]
	at org.apache.catalina.core.ApplicationFilterChain.internalDoFilter(ApplicationFilterChain.java:164) ~[tomcat-embed-core-10.1.28.jar:10.1.28]
	at org.apache.catalina.core.ApplicationFilterChain.doFilter(ApplicationFilterChain.java:140) ~[tomcat-embed-core-10.1.28.jar:10.1.28]
	at org.springframework.web.filter.FormContentFilter.doFilterInternal(FormContentFilter.java:93) ~[spring-web-6.1.12.jar:6.1.12]
	at org.springframework.web.filter.OncePerRequestFilter.doFilter(OncePerRequestFilter.java:116) ~[spring-web-6.1.12.jar:6.1.12]
	at org.apache.catalina.core.ApplicationFilterChain.internalDoFilter(ApplicationFilterChain.java:164) ~[tomcat-embed-core-10.1.28.jar:10.1.28]
	at org.apache.catalina.core.ApplicationFilterChain.doFilter(ApplicationFilterChain.java:140) ~[tomcat-embed-core-10.1.28.jar:10.1.28]
	at org.springframework.web.filter.ServerHttpObservationFilter.doFilterInternal(ServerHttpObservationFilter.java:113) ~[spring-web-6.1.12.jar:6.1.12]
	at org.springframework.web.filter.OncePerRequestFilter.doFilter(OncePerRequestFilter.java:116) ~[spring-web-6.1.12.jar:6.1.12]
	at org.apache.catalina.core.ApplicationFilterChain.internalDoFilter(ApplicationFilterChain.java:164) ~[tomcat-embed-core-10.1.28.jar:10.1.28]
	at org.apache.catalina.core.ApplicationFilterChain.doFilter(ApplicationFilterChain.java:140) ~[tomcat-embed-core-10.1.28.jar:10.1.28]
	at org.springframework.web.filter.CharacterEncodingFilter.doFilterInternal(CharacterEncodingFilter.java:201) ~[spring-web-6.1.12.jar:6.1.12]
	at org.springframework.web.filter.OncePerRequestFilter.doFilter(OncePerRequestFilter.java:116) ~[spring-web-6.1.12.jar:6.1.12]
	at org.apache.catalina.core.ApplicationFilterChain.internalDoFilter(ApplicationFilterChain.java:164) ~[tomcat-embed-core-10.1.28.jar:10.1.28]
	at org.apache.catalina.core.ApplicationFilterChain.doFilter(ApplicationFilterChain.java:140) ~[tomcat-embed-core-10.1.28.jar:10.1.28]
	at org.springframework.web.filter.OncePerRequestFilter.doFilter(OncePerRequestFilter.java:101) ~[spring-web-6.1.12.jar:6.1.12]
	at org.apache.catalina.core.ApplicationFilterChain.internalDoFilter(ApplicationFilterChain.java:164) ~[tomcat-embed-core-10.1.28.jar:10.1.28]
	at org.apache.catalina.core.ApplicationFilterChain.doFilter(ApplicationFilterChain.java:140) ~[tomcat-embed-core-10.1.28.jar:10.1.28]
	at org.apache.catalina.core.StandardWrapperValve.invoke(StandardWrapperValve.java:167) ~[tomcat-embed-core-10.1.28.jar:10.1.28]
	at org.apache.catalina.core.StandardContextValve.invoke(StandardContextValve.java:90) ~[tomcat-embed-core-10.1.28.jar:10.1.28]
	at org.apache.catalina.authenticator.AuthenticatorBase.invoke(AuthenticatorBase.java:483) ~[tomcat-embed-core-10.1.28.jar:10.1.28]
	at org.apache.catalina.core.StandardHostValve.invoke(StandardHostValve.java:115) ~[tomcat-embed-core-10.1.28.jar:10.1.28]
	at org.apache.catalina.valves.ErrorReportValve.invoke(ErrorReportValve.java:93) ~[tomcat-embed-core-10.1.28.jar:10.1.28]
	at org.apache.catalina.core.StandardEngineValve.invoke(StandardEngineValve.java:74) ~[tomcat-embed-core-10.1.28.jar:10.1.28]
	at org.apache.catalina.connector.CoyoteAdapter.service(CoyoteAdapter.java:344) ~[tomcat-embed-core-10.1.28.jar:10.1.28]
	at org.apache.coyote.http11.Http11Processor.service(Http11Processor.java:384) ~[tomcat-embed-core-10.1.28.jar:10.1.28]
	at org.apache.coyote.AbstractProcessorLight.process(AbstractProcessorLight.java:63) ~[tomcat-embed-core-10.1.28.jar:10.1.28]
	at org.apache.coyote.AbstractProtocol$ConnectionHandler.process(AbstractProtocol.java:904) ~[tomcat-embed-core-10.1.28.jar:10.1.28]
	at org.apache.tomcat.util.net.NioEndpoint$SocketProcessor.doRun(NioEndpoint.java:1741) ~[tomcat-embed-core-10.1.28.jar:10.1.28]
	at org.apache.tomcat.util.net.SocketProcessorBase.run(SocketProcessorBase.java:52) ~[tomcat-embed-core-10.1.28.jar:10.1.28]
	at org.apache.tomcat.util.threads.ThreadPoolExecutor.runWorker(ThreadPoolExecutor.java:1190) ~[tomcat-embed-core-10.1.28.jar:10.1.28]
	at org.apache.tomcat.util.threads.ThreadPoolExecutor$Worker.run(ThreadPoolExecutor.java:659) ~[tomcat-embed-core-10.1.28.jar:10.1.28]
	at org.apache.tomcat.util.threads.TaskThread$WrappingRunnable.run(TaskThread.java:63) ~[tomcat-embed-core-10.1.28.jar:10.1.28]
	at java.base/java.lang.Thread.run(Thread.java:1583) ~[na:na]

2024-09-11T19:59:36.515-03:00 ERROR 30264 --- [patient] [http-nio-8666-exec-5] o.a.c.c.C.[.[.[/].[dispatcherServlet]    : Servlet.service() for servlet [dispatcherServlet] in context with path [] threw exception [Request processing failed: java.lang.NullPointerException: Cannot invoke "String.length()" because "name" is null] with root cause

java.lang.NullPointerException: Cannot invoke "String.length()" because "name" is null
	at java.base/java.util.UUID.fromString(UUID.java:239) ~[na:na]
	at br.com.jtech.services.patient.application.core.domains.Patient.toEntity(Patient.java:66) ~[main/:na]
	at br.com.jtech.services.patient.adapters.output.CreatePatientAdapter.create(CreatePatientAdapter.java:36) ~[main/:na]
	at br.com.jtech.services.patient.application.core.usecases.CreatePatientUseCase.create(CreatePatientUseCase.java:34) ~[main/:na]
	at br.com.jtech.services.patient.adapters.input.controllers.CreatePatientController.create(CreatePatientController.java:43) ~[main/:na]
	at java.base/jdk.internal.reflect.DirectMethodHandleAccessor.invoke(DirectMethodHandleAccessor.java:103) ~[na:na]
	at java.base/java.lang.reflect.Method.invoke(Method.java:580) ~[na:na]
	at org.springframework.web.method.support.InvocableHandlerMethod.doInvoke(InvocableHandlerMethod.java:255) ~[spring-web-6.1.12.jar:6.1.12]
	at org.springframework.web.method.support.InvocableHandlerMethod.invokeForRequest(InvocableHandlerMethod.java:188) ~[spring-web-6.1.12.jar:6.1.12]
	at org.springframework.web.servlet.mvc.method.annotation.ServletInvocableHandlerMethod.invokeAndHandle(ServletInvocableHandlerMethod.java:118) ~[spring-webmvc-6.1.12.jar:6.1.12]
	at org.springframework.web.servlet.mvc.method.annotation.RequestMappingHandlerAdapter.invokeHandlerMethod(RequestMappingHandlerAdapter.java:926) ~[spring-webmvc-6.1.12.jar:6.1.12]
	at org.springframework.web.servlet.mvc.method.annotation.RequestMappingHandlerAdapter.handleInternal(RequestMappingHandlerAdapter.java:831) ~[spring-webmvc-6.1.12.jar:6.1.12]
	at org.springframework.web.servlet.mvc.method.AbstractHandlerMethodAdapter.handle(AbstractHandlerMethodAdapter.java:87) ~[spring-webmvc-6.1.12.jar:6.1.12]
	at org.springframework.web.servlet.DispatcherServlet.doDispatch(DispatcherServlet.java:1089) ~[spring-webmvc-6.1.12.jar:6.1.12]
	at org.springframework.web.servlet.DispatcherServlet.doService(DispatcherServlet.java:979) ~[spring-webmvc-6.1.12.jar:6.1.12]
	at org.springframework.web.servlet.FrameworkServlet.processRequest(FrameworkServlet.java:1014) ~[spring-webmvc-6.1.12.jar:6.1.12]
	at org.springframework.web.servlet.FrameworkServlet.doPost(FrameworkServlet.java:914) ~[spring-webmvc-6.1.12.jar:6.1.12]
	at jakarta.servlet.http.HttpServlet.service(HttpServlet.java:590) ~[tomcat-embed-core-10.1.28.jar:6.0]
	at org.springframework.web.servlet.FrameworkServlet.service(FrameworkServlet.java:885) ~[spring-webmvc-6.1.12.jar:6.1.12]
	at jakarta.servlet.http.HttpServlet.service(HttpServlet.java:658) ~[tomcat-embed-core-10.1.28.jar:6.0]
	at org.apache.catalina.core.ApplicationFilterChain.internalDoFilter(ApplicationFilterChain.java:195) ~[tomcat-embed-core-10.1.28.jar:10.1.28]
	at org.apache.catalina.core.ApplicationFilterChain.doFilter(ApplicationFilterChain.java:140) ~[tomcat-embed-core-10.1.28.jar:10.1.28]
	at org.apache.tomcat.websocket.server.WsFilter.doFilter(WsFilter.java:51) ~[tomcat-embed-websocket-10.1.28.jar:10.1.28]
	at org.apache.catalina.core.ApplicationFilterChain.internalDoFilter(ApplicationFilterChain.java:164) ~[tomcat-embed-core-10.1.28.jar:10.1.28]
	at org.apache.catalina.core.ApplicationFilterChain.doFilter(ApplicationFilterChain.java:140) ~[tomcat-embed-core-10.1.28.jar:10.1.28]
	at org.springframework.web.filter.RequestContextFilter.doFilterInternal(RequestContextFilter.java:100) ~[spring-web-6.1.12.jar:6.1.12]
	at org.springframework.web.filter.OncePerRequestFilter.doFilter(OncePerRequestFilter.java:116) ~[spring-web-6.1.12.jar:6.1.12]
	at org.apache.catalina.core.ApplicationFilterChain.internalDoFilter(ApplicationFilterChain.java:164) ~[tomcat-embed-core-10.1.28.jar:10.1.28]
	at org.apache.catalina.core.ApplicationFilterChain.doFilter(ApplicationFilterChain.java:140) ~[tomcat-embed-core-10.1.28.jar:10.1.28]
	at org.springframework.web.filter.FormContentFilter.doFilterInternal(FormContentFilter.java:93) ~[spring-web-6.1.12.jar:6.1.12]
	at org.springframework.web.filter.OncePerRequestFilter.doFilter(OncePerRequestFilter.java:116) ~[spring-web-6.1.12.jar:6.1.12]
	at org.apache.catalina.core.ApplicationFilterChain.internalDoFilter(ApplicationFilterChain.java:164) ~[tomcat-embed-core-10.1.28.jar:10.1.28]
	at org.apache.catalina.core.ApplicationFilterChain.doFilter(ApplicationFilterChain.java:140) ~[tomcat-embed-core-10.1.28.jar:10.1.28]
	at org.springframework.web.filter.ServerHttpObservationFilter.doFilterInternal(ServerHttpObservationFilter.java:113) ~[spring-web-6.1.12.jar:6.1.12]
	at org.springframework.web.filter.OncePerRequestFilter.doFilter(OncePerRequestFilter.java:116) ~[spring-web-6.1.12.jar:6.1.12]
	at org.apache.catalina.core.ApplicationFilterChain.internalDoFilter(ApplicationFilterChain.java:164) ~[tomcat-embed-core-10.1.28.jar:10.1.28]
	at org.apache.catalina.core.ApplicationFilterChain.doFilter(ApplicationFilterChain.java:140) ~[tomcat-embed-core-10.1.28.jar:10.1.28]
	at org.springframework.web.filter.CharacterEncodingFilter.doFilterInternal(CharacterEncodingFilter.java:201) ~[spring-web-6.1.12.jar:6.1.12]
	at org.springframework.web.filter.OncePerRequestFilter.doFilter(OncePerRequestFilter.java:116) ~[spring-web-6.1.12.jar:6.1.12]
	at org.apache.catalina.core.ApplicationFilterChain.internalDoFilter(ApplicationFilterChain.java:164) ~[tomcat-embed-core-10.1.28.jar:10.1.28]
	at org.apache.catalina.core.ApplicationFilterChain.doFilter(ApplicationFilterChain.java:140) ~[tomcat-embed-core-10.1.28.jar:10.1.28]
	at org.springframework.web.filter.OncePerRequestFilter.doFilter(OncePerRequestFilter.java:101) ~[spring-web-6.1.12.jar:6.1.12]
	at org.apache.catalina.core.ApplicationFilterChain.internalDoFilter(ApplicationFilterChain.java:164) ~[tomcat-embed-core-10.1.28.jar:10.1.28]
	at org.apache.catalina.core.ApplicationFilterChain.doFilter(ApplicationFilterChain.java:140) ~[tomcat-embed-core-10.1.28.jar:10.1.28]
	at org.apache.catalina.core.StandardWrapperValve.invoke(StandardWrapperValve.java:167) ~[tomcat-embed-core-10.1.28.jar:10.1.28]
	at org.apache.catalina.core.StandardContextValve.invoke(StandardContextValve.java:90) ~[tomcat-embed-core-10.1.28.jar:10.1.28]
	at org.apache.catalina.authenticator.AuthenticatorBase.invoke(AuthenticatorBase.java:483) ~[tomcat-embed-core-10.1.28.jar:10.1.28]
	at org.apache.catalina.core.StandardHostValve.invoke(StandardHostValve.java:115) ~[tomcat-embed-core-10.1.28.jar:10.1.28]
	at org.apache.catalina.valves.ErrorReportValve.invoke(ErrorReportValve.java:93) ~[tomcat-embed-core-10.1.28.jar:10.1.28]
	at org.apache.catalina.core.StandardEngineValve.invoke(StandardEngineValve.java:74) ~[tomcat-embed-core-10.1.28.jar:10.1.28]
	at org.apache.catalina.connector.CoyoteAdapter.service(CoyoteAdapter.java:344) ~[tomcat-embed-core-10.1.28.jar:10.1.28]
	at org.apache.coyote.http11.Http11Processor.service(Http11Processor.java:384) ~[tomcat-embed-core-10.1.28.jar:10.1.28]
	at org.apache.coyote.AbstractProcessorLight.process(AbstractProcessorLight.java:63) ~[tomcat-embed-core-10.1.28.jar:10.1.28]
	at org.apache.coyote.AbstractProtocol$ConnectionHandler.process(AbstractProtocol.java:904) ~[tomcat-embed-core-10.1.28.jar:10.1.28]
	at org.apache.tomcat.util.net.NioEndpoint$SocketProcessor.doRun(NioEndpoint.java:1741) ~[tomcat-embed-core-10.1.28.jar:10.1.28]
	at org.apache.tomcat.util.net.SocketProcessorBase.run(SocketProcessorBase.java:52) ~[tomcat-embed-core-10.1.28.jar:10.1.28]
	at org.apache.tomcat.util.threads.ThreadPoolExecutor.runWorker(ThreadPoolExecutor.java:1190) ~[tomcat-embed-core-10.1.28.jar:10.1.28]
	at org.apache.tomcat.util.threads.ThreadPoolExecutor$Worker.run(ThreadPoolExecutor.java:659) ~[tomcat-embed-core-10.1.28.jar:10.1.28]
	at org.apache.tomcat.util.threads.TaskThread$WrappingRunnable.run(TaskThread.java:63) ~[tomcat-embed-core-10.1.28.jar:10.1.28]
	at java.base/java.lang.Thread.run(Thread.java:1583) ~[na:na]

2024-09-11T20:00:02.152-03:00  INFO 37609 --- [patient] [main] b.c.jtech.services.patient.StartPatient  : Starting StartPatient using Java 21.0.4 with PID 37609 (/home/angelo/code/course/services/patient/build/classes/java/main started by angelo in /home/angelo/code/course)
2024-09-11T20:00:02.154-03:00 DEBUG 37609 --- [patient] [main] b.c.jtech.services.patient.StartPatient  : Running with Spring Boot v3.3.3, Spring v6.1.12
2024-09-11T20:00:02.155-03:00  INFO 37609 --- [patient] [main] b.c.jtech.services.patient.StartPatient  : The following 1 profile is active: "dev"
2024-09-11T20:00:03.237-03:00  INFO 37609 --- [patient] [main] .s.d.r.c.RepositoryConfigurationDelegate : Multiple Spring Data modules found, entering strict repository configuration mode
2024-09-11T20:00:03.239-03:00  INFO 37609 --- [patient] [main] .s.d.r.c.RepositoryConfigurationDelegate : Bootstrapping Spring Data MongoDB repositories in DEFAULT mode.
2024-09-11T20:00:03.388-03:00  INFO 37609 --- [patient] [main] .s.d.r.c.RepositoryConfigurationDelegate : Finished Spring Data repository scanning in 144 ms. Found 1 MongoDB repository interface.
2024-09-11T20:00:03.403-03:00  INFO 37609 --- [patient] [main] .s.d.r.c.RepositoryConfigurationDelegate : Multiple Spring Data modules found, entering strict repository configuration mode
2024-09-11T20:00:03.404-03:00  INFO 37609 --- [patient] [main] .s.d.r.c.RepositoryConfigurationDelegate : Bootstrapping Spring Data Redis repositories in DEFAULT mode.
2024-09-11T20:00:03.414-03:00  INFO 37609 --- [patient] [main] .RepositoryConfigurationExtensionSupport : Spring Data Redis - Could not safely identify store assignment for repository candidate interface br.com.jtech.services.patient.adapters.output.repositories.PatientRepository; If you want this repository to be a Redis repository, consider annotating your entities with one of these annotations: org.springframework.data.redis.core.RedisHash (preferred), or consider extending one of the following types with your repository: org.springframework.data.keyvalue.repository.KeyValueRepository
2024-09-11T20:00:03.414-03:00  INFO 37609 --- [patient] [main] .s.d.r.c.RepositoryConfigurationDelegate : Finished Spring Data repository scanning in 5 ms. Found 0 Redis repository interfaces.
2024-09-11T20:00:03.663-03:00  INFO 37609 --- [patient] [main] o.s.cloud.context.scope.GenericScope     : BeanFactory id=0392ce42-58b0-339b-b095-9b9645083fab
2024-09-11T20:00:03.933-03:00  INFO 37609 --- [patient] [main] o.s.b.w.embedded.tomcat.TomcatWebServer  : Tomcat initialized with port 8666 (http)
2024-09-11T20:00:03.993-03:00  INFO 37609 --- [patient] [main] w.s.c.ServletWebServerApplicationContext : Root WebApplicationContext: initialization completed in 1803 ms
2024-09-11T20:00:04.285-03:00  INFO 37609 --- [patient] [main] org.mongodb.driver.client                : MongoClient with metadata {"driver": {"name": "mongo-java-driver|sync|spring-boot", "version": "5.0.1"}, "os": {"type": "Linux", "name": "Linux", "architecture": "amd64", "version": "6.10.8-200.fc40.x86_64"}, "platform": "Java/Amazon.com Inc./21.0.4+7-LTS"} created with settings MongoClientSettings{readPreference=primary, writeConcern=WriteConcern{w=null, wTimeout=null ms, journal=null}, retryWrites=true, retryReads=true, readConcern=ReadConcern{level=null}, credential=null, transportSettings=null, commandListeners=[io.micrometer.core.instrument.binder.mongodb.MongoMetricsCommandListener@48106381], codecRegistry=ProvidersCodecRegistry{codecProviders=[ValueCodecProvider{}, BsonValueCodecProvider{}, DBRefCodecProvider{}, DBObjectCodecProvider{}, DocumentCodecProvider{}, CollectionCodecProvider{}, IterableCodecProvider{}, MapCodecProvider{}, GeoJsonCodecProvider{}, GridFSFileCodecProvider{}, Jsr310CodecProvider{}, JsonObjectCodecProvider{}, BsonCodecProvider{}, EnumCodecProvider{}, com.mongodb.client.model.mql.ExpressionCodecProvider@3c544c9, com.mongodb.Jep395RecordCodecProvider@22e813fc, com.mongodb.KotlinCodecProvider@433d93e7]}, loggerSettings=LoggerSettings{maxDocumentLength=1000}, clusterSettings={hosts=[localhost:27017], srvServiceName=mongodb, mode=SINGLE, requiredClusterType=UNKNOWN, requiredReplicaSetName='null', serverSelector='null', clusterListeners='[]', serverSelectionTimeout='30000 ms', localThreshold='15 ms'}, socketSettings=SocketSettings{connectTimeoutMS=10000, readTimeoutMS=0, receiveBufferSize=0, proxySettings=ProxySettings{host=null, port=null, username=null, password=null}}, heartbeatSocketSettings=SocketSettings{connectTimeoutMS=10000, readTimeoutMS=10000, receiveBufferSize=0, proxySettings=ProxySettings{host=null, port=null, username=null, password=null}}, connectionPoolSettings=ConnectionPoolSettings{maxSize=100, minSize=0, maxWaitTimeMS=120000, maxConnectionLifeTimeMS=0, maxConnectionIdleTimeMS=0, maintenanceInitialDelayMS=0, maintenanceFrequencyMS=60000, connectionPoolListeners=[io.micrometer.core.instrument.binder.mongodb.MongoMetricsConnectionPoolListener@87aec6a], maxConnecting=2}, serverSettings=ServerSettings{heartbeatFrequencyMS=10000, minHeartbeatFrequencyMS=500, serverListeners='[]', serverMonitorListeners='[]'}, sslSettings=SslSettings{enabled=false, invalidHostNameAllowed=false, context=null}, applicationName='null', compressorList=[], uuidRepresentation=JAVA_LEGACY, serverApi=null, autoEncryptionSettings=null, dnsClient=null, inetAddressResolver=null, contextProvider=null}
2024-09-11T20:00:04.293-03:00  INFO 37609 --- [patient] [cluster-ClusterId{value='66e220f4ba708c6e3f4d7472', description='null'}-localhost:27017] org.mongodb.driver.cluster               : Monitor thread successfully connected to server with description ServerDescription{address=localhost:27017, type=STANDALONE, state=CONNECTED, ok=true, minWireVersion=0, maxWireVersion=9, maxDocumentSize=16777216, logicalSessionTimeoutMinutes=30, roundTripTimeNanos=13829065}
2024-09-11T20:00:05.828-03:00  INFO 37609 --- [patient] [main] o.s.b.a.e.web.EndpointLinksResolver      : Exposing 17 endpoints beneath base path '/actuator'
2024-09-11T20:00:05.914-03:00  INFO 37609 --- [patient] [main] o.s.b.w.embedded.tomcat.TomcatWebServer  : Tomcat started on port 8666 (http) with context path '/'
2024-09-11T20:00:05.936-03:00  INFO 37609 --- [patient] [main] b.c.jtech.services.patient.StartPatient  : Started StartPatient in 4.255 seconds (process running for 5.055)
2024-09-11T20:00:05.944-03:00  INFO 37609 --- [patient] [main] b.c.j.s.p.c.i.l.ReadyEventListener       : >>> Connector Ready
2024-09-11T20:00:05.944-03:00  INFO 37609 --- [patient] [main] b.c.j.s.p.c.i.l.ReadyEventListener       : ======================================================
2024-09-11T20:00:05.944-03:00  INFO 37609 --- [patient] [main] b.c.j.s.p.c.i.l.ReadyEventListener       : == Execute mode:.....................'LOCAL'
2024-09-11T20:00:05.945-03:00  INFO 37609 --- [patient] [main] b.c.j.s.p.c.i.l.ReadyEventListener       : ======================================================
2024-09-11T20:00:31.054-03:00  INFO 38329 --- [patient] [main] b.c.jtech.services.patient.StartPatient  : Starting StartPatient using Java 21.0.4 with PID 38329 (/home/angelo/code/course/services/patient/build/classes/java/main started by angelo in /home/angelo/code/course)
2024-09-11T20:00:31.056-03:00 DEBUG 38329 --- [patient] [main] b.c.jtech.services.patient.StartPatient  : Running with Spring Boot v3.3.3, Spring v6.1.12
2024-09-11T20:00:31.058-03:00  INFO 38329 --- [patient] [main] b.c.jtech.services.patient.StartPatient  : The following 1 profile is active: "dev"
2024-09-11T20:00:32.840-03:00  INFO 38329 --- [patient] [main] .s.d.r.c.RepositoryConfigurationDelegate : Multiple Spring Data modules found, entering strict repository configuration mode
2024-09-11T20:00:32.842-03:00  INFO 38329 --- [patient] [main] .s.d.r.c.RepositoryConfigurationDelegate : Bootstrapping Spring Data MongoDB repositories in DEFAULT mode.
2024-09-11T20:00:33.039-03:00  INFO 38329 --- [patient] [main] .s.d.r.c.RepositoryConfigurationDelegate : Finished Spring Data repository scanning in 191 ms. Found 1 MongoDB repository interface.
2024-09-11T20:00:33.061-03:00  INFO 38329 --- [patient] [main] .s.d.r.c.RepositoryConfigurationDelegate : Multiple Spring Data modules found, entering strict repository configuration mode
2024-09-11T20:00:33.064-03:00  INFO 38329 --- [patient] [main] .s.d.r.c.RepositoryConfigurationDelegate : Bootstrapping Spring Data Redis repositories in DEFAULT mode.
2024-09-11T20:00:33.085-03:00  INFO 38329 --- [patient] [main] .RepositoryConfigurationExtensionSupport : Spring Data Redis - Could not safely identify store assignment for repository candidate interface br.com.jtech.services.patient.adapters.output.repositories.PatientRepository; If you want this repository to be a Redis repository, consider annotating your entities with one of these annotations: org.springframework.data.redis.core.RedisHash (preferred), or consider extending one of the following types with your repository: org.springframework.data.keyvalue.repository.KeyValueRepository
2024-09-11T20:00:33.086-03:00  INFO 38329 --- [patient] [main] .s.d.r.c.RepositoryConfigurationDelegate : Finished Spring Data repository scanning in 7 ms. Found 0 Redis repository interfaces.
2024-09-11T20:00:33.368-03:00  INFO 38329 --- [patient] [main] o.s.cloud.context.scope.GenericScope     : BeanFactory id=0392ce42-58b0-339b-b095-9b9645083fab
2024-09-11T20:00:33.878-03:00  INFO 38329 --- [patient] [main] o.s.b.w.embedded.tomcat.TomcatWebServer  : Tomcat initialized with port 8666 (http)
2024-09-11T20:00:33.891-03:00  INFO 38329 --- [patient] [main] o.apache.catalina.core.StandardService   : Starting service [Tomcat]
2024-09-11T20:00:33.891-03:00  INFO 38329 --- [patient] [main] o.apache.catalina.core.StandardEngine    : Starting Servlet engine: [Apache Tomcat/10.1.28]
2024-09-11T20:00:33.946-03:00  INFO 38329 --- [patient] [main] o.a.c.c.C.[Tomcat].[localhost].[/]       : Initializing Spring embedded WebApplicationContext
2024-09-11T20:00:33.947-03:00  INFO 38329 --- [patient] [main] w.s.c.ServletWebServerApplicationContext : Root WebApplicationContext: initialization completed in 2835 ms
2024-09-11T20:00:34.531-03:00  INFO 38329 --- [patient] [main] org.mongodb.driver.client                : MongoClient with metadata {"driver": {"name": "mongo-java-driver|sync|spring-boot", "version": "5.0.1"}, "os": {"type": "Linux", "name": "Linux", "architecture": "amd64", "version": "6.10.8-200.fc40.x86_64"}, "platform": "Java/Amazon.com Inc./21.0.4+7-LTS"} created with settings MongoClientSettings{readPreference=primary, writeConcern=WriteConcern{w=null, wTimeout=null ms, journal=null}, retryWrites=true, retryReads=true, readConcern=ReadConcern{level=null}, credential=null, transportSettings=null, commandListeners=[io.micrometer.core.instrument.binder.mongodb.MongoMetricsCommandListener@54daf8f9], codecRegistry=ProvidersCodecRegistry{codecProviders=[ValueCodecProvider{}, BsonValueCodecProvider{}, DBRefCodecProvider{}, DBObjectCodecProvider{}, DocumentCodecProvider{}, CollectionCodecProvider{}, IterableCodecProvider{}, MapCodecProvider{}, GeoJsonCodecProvider{}, GridFSFileCodecProvider{}, Jsr310CodecProvider{}, JsonObjectCodecProvider{}, BsonCodecProvider{}, EnumCodecProvider{}, com.mongodb.client.model.mql.ExpressionCodecProvider@7d4d65f5, com.mongodb.Jep395RecordCodecProvider@38cf3ae1, com.mongodb.KotlinCodecProvider@123ca460]}, loggerSettings=LoggerSettings{maxDocumentLength=1000}, clusterSettings={hosts=[localhost:27017], srvServiceName=mongodb, mode=SINGLE, requiredClusterType=UNKNOWN, requiredReplicaSetName='null', serverSelector='null', clusterListeners='[]', serverSelectionTimeout='30000 ms', localThreshold='15 ms'}, socketSettings=SocketSettings{connectTimeoutMS=10000, readTimeoutMS=0, receiveBufferSize=0, proxySettings=ProxySettings{host=null, port=null, username=null, password=null}}, heartbeatSocketSettings=SocketSettings{connectTimeoutMS=10000, readTimeoutMS=10000, receiveBufferSize=0, proxySettings=ProxySettings{host=null, port=null, username=null, password=null}}, connectionPoolSettings=ConnectionPoolSettings{maxSize=100, minSize=0, maxWaitTimeMS=120000, maxConnectionLifeTimeMS=0, maxConnectionIdleTimeMS=0, maintenanceInitialDelayMS=0, maintenanceFrequencyMS=60000, connectionPoolListeners=[io.micrometer.core.instrument.binder.mongodb.MongoMetricsConnectionPoolListener@11228bee], maxConnecting=2}, serverSettings=ServerSettings{heartbeatFrequencyMS=10000, minHeartbeatFrequencyMS=500, serverListeners='[]', serverMonitorListeners='[]'}, sslSettings=SslSettings{enabled=false, invalidHostNameAllowed=false, context=null}, applicationName='null', compressorList=[], uuidRepresentation=JAVA_LEGACY, serverApi=null, autoEncryptionSettings=null, dnsClient=null, inetAddressResolver=null, contextProvider=null}
2024-09-11T20:00:34.576-03:00  INFO 38329 --- [patient] [cluster-ClusterId{value='66e22112d22e243facd03ef5', description='null'}-localhost:27017] org.mongodb.driver.cluster               : Monitor thread successfully connected to server with description ServerDescription{address=localhost:27017, type=STANDALONE, state=CONNECTED, ok=true, minWireVersion=0, maxWireVersion=9, maxDocumentSize=16777216, logicalSessionTimeoutMinutes=30, roundTripTimeNanos=45002180}
2024-09-11T20:00:37.097-03:00  INFO 38329 --- [patient] [main] o.s.b.a.e.web.EndpointLinksResolver      : Exposing 17 endpoints beneath base path '/actuator'
2024-09-11T20:00:37.202-03:00  INFO 38329 --- [patient] [main] o.s.b.w.embedded.tomcat.TomcatWebServer  : Tomcat started on port 8666 (http) with context path '/'
2024-09-11T20:00:37.237-03:00  INFO 38329 --- [patient] [main] b.c.jtech.services.patient.StartPatient  : Started StartPatient in 7.015 seconds (process running for 8.213)
2024-09-11T20:00:37.249-03:00  INFO 38329 --- [patient] [main] b.c.j.s.p.c.i.l.ReadyEventListener       : >>> Connector Ready
2024-09-11T20:00:37.249-03:00  INFO 38329 --- [patient] [main] b.c.j.s.p.c.i.l.ReadyEventListener       : ======================================================
2024-09-11T20:00:37.250-03:00  INFO 38329 --- [patient] [main] b.c.j.s.p.c.i.l.ReadyEventListener       : == Execute mode:.....................'LOCAL'
2024-09-11T20:00:37.251-03:00  INFO 38329 --- [patient] [main] b.c.j.s.p.c.i.l.ReadyEventListener       : ======================================================
2024-09-11T20:00:37.750-03:00  INFO 38329 --- [patient] [RMI TCP Connection(2)-192.168.0.43] o.a.c.c.C.[Tomcat].[localhost].[/]       : Initializing Spring DispatcherServlet 'dispatcherServlet'
2024-09-11T20:00:37.751-03:00  INFO 38329 --- [patient] [RMI TCP Connection(2)-192.168.0.43] o.s.web.servlet.DispatcherServlet        : Initializing Servlet 'dispatcherServlet'
2024-09-11T20:00:37.753-03:00  INFO 38329 --- [patient] [RMI TCP Connection(2)-192.168.0.43] o.s.web.servlet.DispatcherServlet        : Completed initialization in 2 ms
2024-09-11T20:01:36.129-03:00  INFO 39811 --- [patient] [main] b.c.jtech.services.patient.StartPatient  : Starting StartPatient using Java 21.0.4 with PID 39811 (/home/angelo/code/course/services/patient/build/classes/java/main started by angelo in /home/angelo/code/course)
2024-09-11T20:01:36.132-03:00 DEBUG 39811 --- [patient] [main] b.c.jtech.services.patient.StartPatient  : Running with Spring Boot v3.3.3, Spring v6.1.12
2024-09-11T20:01:36.133-03:00  INFO 39811 --- [patient] [main] b.c.jtech.services.patient.StartPatient  : The following 1 profile is active: "dev"
2024-09-11T20:01:37.135-03:00  INFO 39811 --- [patient] [main] .s.d.r.c.RepositoryConfigurationDelegate : Multiple Spring Data modules found, entering strict repository configuration mode
2024-09-11T20:01:37.136-03:00  INFO 39811 --- [patient] [main] .s.d.r.c.RepositoryConfigurationDelegate : Bootstrapping Spring Data MongoDB repositories in DEFAULT mode.
2024-09-11T20:01:37.244-03:00  INFO 39811 --- [patient] [main] .s.d.r.c.RepositoryConfigurationDelegate : Finished Spring Data repository scanning in 105 ms. Found 1 MongoDB repository interface.
2024-09-11T20:01:37.252-03:00  INFO 39811 --- [patient] [main] .s.d.r.c.RepositoryConfigurationDelegate : Multiple Spring Data modules found, entering strict repository configuration mode
2024-09-11T20:01:37.253-03:00  INFO 39811 --- [patient] [main] .s.d.r.c.RepositoryConfigurationDelegate : Bootstrapping Spring Data Redis repositories in DEFAULT mode.
2024-09-11T20:01:37.263-03:00  INFO 39811 --- [patient] [main] .RepositoryConfigurationExtensionSupport : Spring Data Redis - Could not safely identify store assignment for repository candidate interface br.com.jtech.services.patient.adapters.output.repositories.PatientRepository; If you want this repository to be a Redis repository, consider annotating your entities with one of these annotations: org.springframework.data.redis.core.RedisHash (preferred), or consider extending one of the following types with your repository: org.springframework.data.keyvalue.repository.KeyValueRepository
2024-09-11T20:01:37.264-03:00  INFO 39811 --- [patient] [main] .s.d.r.c.RepositoryConfigurationDelegate : Finished Spring Data repository scanning in 5 ms. Found 0 Redis repository interfaces.
2024-09-11T20:01:37.438-03:00  INFO 39811 --- [patient] [main] o.s.cloud.context.scope.GenericScope     : BeanFactory id=0392ce42-58b0-339b-b095-9b9645083fab
2024-09-11T20:01:37.790-03:00  INFO 39811 --- [patient] [main] o.s.b.w.embedded.tomcat.TomcatWebServer  : Tomcat initialized with port 8666 (http)
2024-09-11T20:01:37.802-03:00  INFO 39811 --- [patient] [main] o.apache.catalina.core.StandardService   : Starting service [Tomcat]
2024-09-11T20:01:37.802-03:00  INFO 39811 --- [patient] [main] o.apache.catalina.core.StandardEngine    : Starting Servlet engine: [Apache Tomcat/10.1.28]
2024-09-11T20:01:37.849-03:00  INFO 39811 --- [patient] [main] o.a.c.c.C.[Tomcat].[localhost].[/]       : Initializing Spring embedded WebApplicationContext
2024-09-11T20:01:37.849-03:00  INFO 39811 --- [patient] [main] w.s.c.ServletWebServerApplicationContext : Root WebApplicationContext: initialization completed in 1676 ms
2024-09-11T20:01:38.180-03:00  INFO 39811 --- [patient] [main] org.mongodb.driver.client                : MongoClient with metadata {"driver": {"name": "mongo-java-driver|sync|spring-boot", "version": "5.0.1"}, "os": {"type": "Linux", "name": "Linux", "architecture": "amd64", "version": "6.10.8-200.fc40.x86_64"}, "platform": "Java/Amazon.com Inc./21.0.4+7-LTS"} created with settings MongoClientSettings{readPreference=primary, writeConcern=WriteConcern{w=null, wTimeout=null ms, journal=null}, retryWrites=true, retryReads=true, readConcern=ReadConcern{level=null}, credential=null, transportSettings=null, commandListeners=[io.micrometer.core.instrument.binder.mongodb.MongoMetricsCommandListener@14df5253], codecRegistry=ProvidersCodecRegistry{codecProviders=[ValueCodecProvider{}, BsonValueCodecProvider{}, DBRefCodecProvider{}, DBObjectCodecProvider{}, DocumentCodecProvider{}, CollectionCodecProvider{}, IterableCodecProvider{}, MapCodecProvider{}, GeoJsonCodecProvider{}, GridFSFileCodecProvider{}, Jsr310CodecProvider{}, JsonObjectCodecProvider{}, BsonCodecProvider{}, EnumCodecProvider{}, com.mongodb.client.model.mql.ExpressionCodecProvider@605eb072, com.mongodb.Jep395RecordCodecProvider@7a0f06ad, com.mongodb.KotlinCodecProvider@1fa9692b]}, loggerSettings=LoggerSettings{maxDocumentLength=1000}, clusterSettings={hosts=[localhost:27017], srvServiceName=mongodb, mode=SINGLE, requiredClusterType=UNKNOWN, requiredReplicaSetName='null', serverSelector='null', clusterListeners='[]', serverSelectionTimeout='30000 ms', localThreshold='15 ms'}, socketSettings=SocketSettings{connectTimeoutMS=10000, readTimeoutMS=0, receiveBufferSize=0, proxySettings=ProxySettings{host=null, port=null, username=null, password=null}}, heartbeatSocketSettings=SocketSettings{connectTimeoutMS=10000, readTimeoutMS=10000, receiveBufferSize=0, proxySettings=ProxySettings{host=null, port=null, username=null, password=null}}, connectionPoolSettings=ConnectionPoolSettings{maxSize=100, minSize=0, maxWaitTimeMS=120000, maxConnectionLifeTimeMS=0, maxConnectionIdleTimeMS=0, maintenanceInitialDelayMS=0, maintenanceFrequencyMS=60000, connectionPoolListeners=[io.micrometer.core.instrument.binder.mongodb.MongoMetricsConnectionPoolListener@710afd47], maxConnecting=2}, serverSettings=ServerSettings{heartbeatFrequencyMS=10000, minHeartbeatFrequencyMS=500, serverListeners='[]', serverMonitorListeners='[]'}, sslSettings=SslSettings{enabled=false, invalidHostNameAllowed=false, context=null}, applicationName='null', compressorList=[], uuidRepresentation=JAVA_LEGACY, serverApi=null, autoEncryptionSettings=null, dnsClient=null, inetAddressResolver=null, contextProvider=null}
2024-09-11T20:01:38.190-03:00  INFO 39811 --- [patient] [cluster-ClusterId{value='66e2215292a53226983f7f8b', description='null'}-localhost:27017] org.mongodb.driver.cluster               : Monitor thread successfully connected to server with description ServerDescription{address=localhost:27017, type=STANDALONE, state=CONNECTED, ok=true, minWireVersion=0, maxWireVersion=9, maxDocumentSize=16777216, logicalSessionTimeoutMinutes=30, roundTripTimeNanos=15592691}
2024-09-11T20:01:39.871-03:00  INFO 39811 --- [patient] [main] o.s.b.a.e.web.EndpointLinksResolver      : Exposing 17 endpoints beneath base path '/actuator'
2024-09-11T20:01:39.957-03:00  INFO 39811 --- [patient] [main] o.s.b.w.embedded.tomcat.TomcatWebServer  : Tomcat started on port 8666 (http) with context path '/'
2024-09-11T20:01:39.977-03:00  INFO 39811 --- [patient] [main] b.c.jtech.services.patient.StartPatient  : Started StartPatient in 4.372 seconds (process running for 5.134)
2024-09-11T20:01:39.983-03:00  INFO 39811 --- [patient] [main] b.c.j.s.p.c.i.l.ReadyEventListener       : >>> Connector Ready
2024-09-11T20:01:39.984-03:00  INFO 39811 --- [patient] [main] b.c.j.s.p.c.i.l.ReadyEventListener       : ======================================================
2024-09-11T20:01:39.984-03:00  INFO 39811 --- [patient] [main] b.c.j.s.p.c.i.l.ReadyEventListener       : == Execute mode:.....................'LOCAL'
2024-09-11T20:01:39.985-03:00  INFO 39811 --- [patient] [main] b.c.j.s.p.c.i.l.ReadyEventListener       : ======================================================
2024-09-11T20:01:40.271-03:00  INFO 39811 --- [patient] [RMI TCP Connection(2)-192.168.0.43] o.a.c.c.C.[Tomcat].[localhost].[/]       : Initializing Spring DispatcherServlet 'dispatcherServlet'
2024-09-11T20:01:40.272-03:00  INFO 39811 --- [patient] [RMI TCP Connection(2)-192.168.0.43] o.s.web.servlet.DispatcherServlet        : Initializing Servlet 'dispatcherServlet'
2024-09-11T20:01:40.275-03:00  INFO 39811 --- [patient] [RMI TCP Connection(2)-192.168.0.43] o.s.web.servlet.DispatcherServlet        : Completed initialization in 2 ms
2024-09-11T20:21:58.008-03:00  INFO 53781 --- [patient] [main] b.c.jtech.services.patient.StartPatient  : Starting StartPatient using Java 21.0.4 with PID 53781 (/home/angelo/code/course/services/patient/build/classes/java/main started by angelo in /home/angelo/code/course)
2024-09-11T20:21:58.010-03:00 DEBUG 53781 --- [patient] [main] b.c.jtech.services.patient.StartPatient  : Running with Spring Boot v3.3.3, Spring v6.1.12
2024-09-11T20:21:58.011-03:00  INFO 53781 --- [patient] [main] b.c.jtech.services.patient.StartPatient  : The following 1 profile is active: "dev"
2024-09-11T20:21:58.977-03:00  INFO 53781 --- [patient] [main] .s.d.r.c.RepositoryConfigurationDelegate : Multiple Spring Data modules found, entering strict repository configuration mode
2024-09-11T20:21:58.978-03:00  INFO 53781 --- [patient] [main] .s.d.r.c.RepositoryConfigurationDelegate : Bootstrapping Spring Data MongoDB repositories in DEFAULT mode.
2024-09-11T20:21:59.088-03:00  INFO 53781 --- [patient] [main] .s.d.r.c.RepositoryConfigurationDelegate : Finished Spring Data repository scanning in 106 ms. Found 1 MongoDB repository interface.
2024-09-11T20:21:59.096-03:00  INFO 53781 --- [patient] [main] .s.d.r.c.RepositoryConfigurationDelegate : Multiple Spring Data modules found, entering strict repository configuration mode
2024-09-11T20:21:59.097-03:00  INFO 53781 --- [patient] [main] .s.d.r.c.RepositoryConfigurationDelegate : Bootstrapping Spring Data Redis repositories in DEFAULT mode.
2024-09-11T20:21:59.113-03:00  INFO 53781 --- [patient] [main] .RepositoryConfigurationExtensionSupport : Spring Data Redis - Could not safely identify store assignment for repository candidate interface br.com.jtech.services.patient.adapters.output.repositories.PatientRepository; If you want this repository to be a Redis repository, consider annotating your entities with one of these annotations: org.springframework.data.redis.core.RedisHash (preferred), or consider extending one of the following types with your repository: org.springframework.data.keyvalue.repository.KeyValueRepository
2024-09-11T20:21:59.113-03:00  INFO 53781 --- [patient] [main] .s.d.r.c.RepositoryConfigurationDelegate : Finished Spring Data repository scanning in 7 ms. Found 0 Redis repository interfaces.
2024-09-11T20:21:59.288-03:00  INFO 53781 --- [patient] [main] o.s.cloud.context.scope.GenericScope     : BeanFactory id=e24211af-95ea-37a9-a16d-201c86cdea17
2024-09-11T20:21:59.617-03:00  INFO 53781 --- [patient] [main] o.s.b.w.embedded.tomcat.TomcatWebServer  : Tomcat initialized with port 8666 (http)
2024-09-11T20:21:59.627-03:00  INFO 53781 --- [patient] [main] o.apache.catalina.core.StandardService   : Starting service [Tomcat]
2024-09-11T20:21:59.627-03:00  INFO 53781 --- [patient] [main] o.apache.catalina.core.StandardEngine    : Starting Servlet engine: [Apache Tomcat/10.1.28]
2024-09-11T20:21:59.672-03:00  INFO 53781 --- [patient] [main] o.a.c.c.C.[Tomcat].[localhost].[/]       : Initializing Spring embedded WebApplicationContext
2024-09-11T20:21:59.673-03:00  INFO 53781 --- [patient] [main] w.s.c.ServletWebServerApplicationContext : Root WebApplicationContext: initialization completed in 1618 ms
2024-09-11T20:22:00.486-03:00  INFO 53781 --- [patient] [cluster-ClusterId{value='66e2261824008718f6212340', description='null'}-localhost:27017] org.mongodb.driver.cluster               : Monitor thread successfully connected to server with description ServerDescription{address=localhost:27017, type=STANDALONE, state=CONNECTED, ok=true, minWireVersion=0, maxWireVersion=9, maxDocumentSize=16777216, logicalSessionTimeoutMinutes=30, roundTripTimeNanos=38199290}
2024-09-11T20:22:00.496-03:00  INFO 53781 --- [patient] [main] org.mongodb.driver.client                : MongoClient with metadata {"driver": {"name": "mongo-java-driver|sync|spring-boot", "version": "5.0.1"}, "os": {"type": "Linux", "name": "Linux", "architecture": "amd64", "version": "6.10.8-200.fc40.x86_64"}, "platform": "Java/Amazon.com Inc./21.0.4+7-LTS"} created with settings MongoClientSettings{readPreference=primary, writeConcern=WriteConcern{w=null, wTimeout=null ms, journal=null}, retryWrites=true, retryReads=true, readConcern=ReadConcern{level=null}, credential=null, transportSettings=null, commandListeners=[io.micrometer.core.instrument.binder.mongodb.MongoMetricsCommandListener@7d7b4e04], codecRegistry=ProvidersCodecRegistry{codecProviders=[ValueCodecProvider{}, BsonValueCodecProvider{}, DBRefCodecProvider{}, DBObjectCodecProvider{}, DocumentCodecProvider{}, CollectionCodecProvider{}, IterableCodecProvider{}, MapCodecProvider{}, GeoJsonCodecProvider{}, GridFSFileCodecProvider{}, Jsr310CodecProvider{}, JsonObjectCodecProvider{}, BsonCodecProvider{}, EnumCodecProvider{}, com.mongodb.client.model.mql.ExpressionCodecProvider@144e36ae, com.mongodb.Jep395RecordCodecProvider@24615687, com.mongodb.KotlinCodecProvider@58636b50]}, loggerSettings=LoggerSettings{maxDocumentLength=1000}, clusterSettings={hosts=[localhost:27017], srvServiceName=mongodb, mode=SINGLE, requiredClusterType=UNKNOWN, requiredReplicaSetName='null', serverSelector='null', clusterListeners='[]', serverSelectionTimeout='30000 ms', localThreshold='15 ms'}, socketSettings=SocketSettings{connectTimeoutMS=10000, readTimeoutMS=0, receiveBufferSize=0, proxySettings=ProxySettings{host=null, port=null, username=null, password=null}}, heartbeatSocketSettings=SocketSettings{connectTimeoutMS=10000, readTimeoutMS=10000, receiveBufferSize=0, proxySettings=ProxySettings{host=null, port=null, username=null, password=null}}, connectionPoolSettings=ConnectionPoolSettings{maxSize=100, minSize=0, maxWaitTimeMS=120000, maxConnectionLifeTimeMS=0, maxConnectionIdleTimeMS=0, maintenanceInitialDelayMS=0, maintenanceFrequencyMS=60000, connectionPoolListeners=[io.micrometer.core.instrument.binder.mongodb.MongoMetricsConnectionPoolListener@7f4f1536], maxConnecting=2}, serverSettings=ServerSettings{heartbeatFrequencyMS=10000, minHeartbeatFrequencyMS=500, serverListeners='[]', serverMonitorListeners='[]'}, sslSettings=SslSettings{enabled=false, invalidHostNameAllowed=false, context=null}, applicationName='null', compressorList=[], uuidRepresentation=JAVA_LEGACY, serverApi=null, autoEncryptionSettings=null, dnsClient=null, inetAddressResolver=null, contextProvider=null}
2024-09-11T20:22:03.830-03:00  INFO 53781 --- [patient] [main] o.s.b.a.e.web.EndpointLinksResolver      : Exposing 17 endpoints beneath base path '/actuator'
2024-09-11T20:22:04.020-03:00  INFO 53781 --- [patient] [main] o.s.b.w.embedded.tomcat.TomcatWebServer  : Tomcat started on port 8666 (http) with context path '/'
2024-09-11T20:22:04.042-03:00  INFO 53781 --- [patient] [main] b.c.jtech.services.patient.StartPatient  : Started StartPatient in 6.473 seconds (process running for 7.311)
2024-09-11T20:22:04.068-03:00  INFO 53781 --- [patient] [main] b.c.j.s.p.c.i.l.ReadyEventListener       : >>> Connector Ready
2024-09-11T20:22:04.068-03:00  INFO 53781 --- [patient] [main] b.c.j.s.p.c.i.l.ReadyEventListener       : ======================================================
2024-09-11T20:22:04.068-03:00  INFO 53781 --- [patient] [main] b.c.j.s.p.c.i.l.ReadyEventListener       : == Execute mode:.....................'LOCAL'
2024-09-11T20:22:04.070-03:00  INFO 53781 --- [patient] [main] b.c.j.s.p.c.i.l.ReadyEventListener       : ======================================================
2024-09-11T20:22:04.342-03:00  INFO 53781 --- [patient] [RMI TCP Connection(1)-192.168.0.43] o.a.c.c.C.[Tomcat].[localhost].[/]       : Initializing Spring DispatcherServlet 'dispatcherServlet'
2024-09-11T20:22:04.342-03:00  INFO 53781 --- [patient] [RMI TCP Connection(1)-192.168.0.43] o.s.web.servlet.DispatcherServlet        : Initializing Servlet 'dispatcherServlet'
2024-09-11T20:22:04.344-03:00  INFO 53781 --- [patient] [RMI TCP Connection(1)-192.168.0.43] o.s.web.servlet.DispatcherServlet        : Completed initialization in 2 ms
2024-09-11T20:23:40.539-03:00  INFO 55369 --- [patient] [main] b.c.jtech.services.patient.StartPatient  : Starting StartPatient using Java 21.0.4 with PID 55369 (/home/angelo/code/course/services/patient/build/classes/java/main started by angelo in /home/angelo/code/course)
2024-09-11T20:23:40.540-03:00 DEBUG 55369 --- [patient] [main] b.c.jtech.services.patient.StartPatient  : Running with Spring Boot v3.3.3, Spring v6.1.12
2024-09-11T20:23:40.540-03:00  INFO 55369 --- [patient] [main] b.c.jtech.services.patient.StartPatient  : The following 1 profile is active: "dev"
2024-09-11T20:23:41.459-03:00  INFO 55369 --- [patient] [main] .s.d.r.c.RepositoryConfigurationDelegate : Multiple Spring Data modules found, entering strict repository configuration mode
2024-09-11T20:23:41.460-03:00  INFO 55369 --- [patient] [main] .s.d.r.c.RepositoryConfigurationDelegate : Bootstrapping Spring Data MongoDB repositories in DEFAULT mode.
2024-09-11T20:23:41.575-03:00  INFO 55369 --- [patient] [main] .s.d.r.c.RepositoryConfigurationDelegate : Finished Spring Data repository scanning in 113 ms. Found 1 MongoDB repository interface.
2024-09-11T20:23:41.583-03:00  INFO 55369 --- [patient] [main] .s.d.r.c.RepositoryConfigurationDelegate : Multiple Spring Data modules found, entering strict repository configuration mode
2024-09-11T20:23:41.584-03:00  INFO 55369 --- [patient] [main] .s.d.r.c.RepositoryConfigurationDelegate : Bootstrapping Spring Data Redis repositories in DEFAULT mode.
2024-09-11T20:23:41.594-03:00  INFO 55369 --- [patient] [main] .RepositoryConfigurationExtensionSupport : Spring Data Redis - Could not safely identify store assignment for repository candidate interface br.com.jtech.services.patient.adapters.output.repositories.PatientRepository; If you want this repository to be a Redis repository, consider annotating your entities with one of these annotations: org.springframework.data.redis.core.RedisHash (preferred), or consider extending one of the following types with your repository: org.springframework.data.keyvalue.repository.KeyValueRepository
2024-09-11T20:23:41.595-03:00  INFO 55369 --- [patient] [main] .s.d.r.c.RepositoryConfigurationDelegate : Finished Spring Data repository scanning in 6 ms. Found 0 Redis repository interfaces.
2024-09-11T20:23:41.780-03:00  INFO 55369 --- [patient] [main] o.s.cloud.context.scope.GenericScope     : BeanFactory id=e24211af-95ea-37a9-a16d-201c86cdea17
2024-09-11T20:23:42.030-03:00  INFO 55369 --- [patient] [main] o.s.b.w.embedded.tomcat.TomcatWebServer  : Tomcat initialized with port 8666 (http)
2024-09-11T20:23:42.057-03:00  INFO 55369 --- [patient] [main] o.apache.catalina.core.StandardService   : Starting service [Tomcat]
2024-09-11T20:23:42.058-03:00  INFO 55369 --- [patient] [main] o.apache.catalina.core.StandardEngine    : Starting Servlet engine: [Apache Tomcat/10.1.28]
2024-09-11T20:23:42.117-03:00  INFO 55369 --- [patient] [main] o.a.c.c.C.[Tomcat].[localhost].[/]       : Initializing Spring embedded WebApplicationContext
2024-09-11T20:23:42.117-03:00  INFO 55369 --- [patient] [main] w.s.c.ServletWebServerApplicationContext : Root WebApplicationContext: initialization completed in 1546 ms
2024-09-11T20:23:42.406-03:00  INFO 55369 --- [patient] [main] org.mongodb.driver.client                : MongoClient with metadata {"driver": {"name": "mongo-java-driver|sync|spring-boot", "version": "5.0.1"}, "os": {"type": "Linux", "name": "Linux", "architecture": "amd64", "version": "6.10.8-200.fc40.x86_64"}, "platform": "Java/Amazon.com Inc./21.0.4+7-LTS"} created with settings MongoClientSettings{readPreference=primary, writeConcern=WriteConcern{w=null, wTimeout=null ms, journal=null}, retryWrites=true, retryReads=true, readConcern=ReadConcern{level=null}, credential=null, transportSettings=null, commandListeners=[io.micrometer.core.instrument.binder.mongodb.MongoMetricsCommandListener@24fc2c80], codecRegistry=ProvidersCodecRegistry{codecProviders=[ValueCodecProvider{}, BsonValueCodecProvider{}, DBRefCodecProvider{}, DBObjectCodecProvider{}, DocumentCodecProvider{}, CollectionCodecProvider{}, IterableCodecProvider{}, MapCodecProvider{}, GeoJsonCodecProvider{}, GridFSFileCodecProvider{}, Jsr310CodecProvider{}, JsonObjectCodecProvider{}, BsonCodecProvider{}, EnumCodecProvider{}, com.mongodb.client.model.mql.ExpressionCodecProvider@965bcbc, com.mongodb.Jep395RecordCodecProvider@7ab1ad9, com.mongodb.KotlinCodecProvider@5ee6fdc4]}, loggerSettings=LoggerSettings{maxDocumentLength=1000}, clusterSettings={hosts=[localhost:27017], srvServiceName=mongodb, mode=SINGLE, requiredClusterType=UNKNOWN, requiredReplicaSetName='null', serverSelector='null', clusterListeners='[]', serverSelectionTimeout='30000 ms', localThreshold='15 ms'}, socketSettings=SocketSettings{connectTimeoutMS=10000, readTimeoutMS=0, receiveBufferSize=0, proxySettings=ProxySettings{host=null, port=null, username=null, password=null}}, heartbeatSocketSettings=SocketSettings{connectTimeoutMS=10000, readTimeoutMS=10000, receiveBufferSize=0, proxySettings=ProxySettings{host=null, port=null, username=null, password=null}}, connectionPoolSettings=ConnectionPoolSettings{maxSize=100, minSize=0, maxWaitTimeMS=120000, maxConnectionLifeTimeMS=0, maxConnectionIdleTimeMS=0, maintenanceInitialDelayMS=0, maintenanceFrequencyMS=60000, connectionPoolListeners=[io.micrometer.core.instrument.binder.mongodb.MongoMetricsConnectionPoolListener@1bbb42b4], maxConnecting=2}, serverSettings=ServerSettings{heartbeatFrequencyMS=10000, minHeartbeatFrequencyMS=500, serverListeners='[]', serverMonitorListeners='[]'}, sslSettings=SslSettings{enabled=false, invalidHostNameAllowed=false, context=null}, applicationName='null', compressorList=[], uuidRepresentation=JAVA_LEGACY, serverApi=null, autoEncryptionSettings=null, dnsClient=null, inetAddressResolver=null, contextProvider=null}
2024-09-11T20:23:42.414-03:00  INFO 55369 --- [patient] [cluster-ClusterId{value='66e2267e2019d90ad1d73727', description='null'}-localhost:27017] org.mongodb.driver.cluster               : Monitor thread successfully connected to server with description ServerDescription{address=localhost:27017, type=STANDALONE, state=CONNECTED, ok=true, minWireVersion=0, maxWireVersion=9, maxDocumentSize=16777216, logicalSessionTimeoutMinutes=30, roundTripTimeNanos=13145002}
2024-09-11T20:23:43.898-03:00  INFO 55369 --- [patient] [main] o.s.b.a.e.web.EndpointLinksResolver      : Exposing 17 endpoints beneath base path '/actuator'
2024-09-11T20:23:43.973-03:00  INFO 55369 --- [patient] [main] o.s.b.w.embedded.tomcat.TomcatWebServer  : Tomcat started on port 8666 (http) with context path '/'
2024-09-11T20:23:43.990-03:00  INFO 55369 --- [patient] [main] b.c.jtech.services.patient.StartPatient  : Started StartPatient in 3.837 seconds (process running for 4.315)
2024-09-11T20:23:44.001-03:00  INFO 55369 --- [patient] [main] b.c.j.s.p.c.i.l.ReadyEventListener       : >>> Connector Ready
2024-09-11T20:23:44.002-03:00  INFO 55369 --- [patient] [main] b.c.j.s.p.c.i.l.ReadyEventListener       : ======================================================
2024-09-11T20:23:44.002-03:00  INFO 55369 --- [patient] [main] b.c.j.s.p.c.i.l.ReadyEventListener       : == Execute mode:.....................'LOCAL'
2024-09-11T20:23:44.003-03:00  INFO 55369 --- [patient] [main] b.c.j.s.p.c.i.l.ReadyEventListener       : ======================================================
2024-09-11T20:23:44.453-03:00  INFO 55369 --- [patient] [RMI TCP Connection(1)-192.168.0.43] o.a.c.c.C.[Tomcat].[localhost].[/]       : Initializing Spring DispatcherServlet 'dispatcherServlet'
2024-09-11T20:23:44.453-03:00  INFO 55369 --- [patient] [RMI TCP Connection(1)-192.168.0.43] o.s.web.servlet.DispatcherServlet        : Initializing Servlet 'dispatcherServlet'
2024-09-11T20:23:44.455-03:00  INFO 55369 --- [patient] [RMI TCP Connection(1)-192.168.0.43] o.s.web.servlet.DispatcherServlet        : Completed initialization in 2 ms
2024-09-11T20:24:00.623-03:00  INFO 55369 --- [patient] [http-nio-8666-exec-10] o.springdoc.api.AbstractOpenApiResource  : Init duration for springdoc-openapi is: 196 ms
